Determining if the pthread_create exist failed with the following output:
Change Dir: /home/matrice/dji_ws/build/CMakeFiles/CMakeTmp

Run Build Command:"/usr/bin/make" "cmTC_6ea7d/fast"
/usr/bin/make -f CMakeFiles/cmTC_6ea7d.dir/build.make CMakeFiles/cmTC_6ea7d.dir/build
make[1]: Entering directory '/home/matrice/dji_ws/build/CMakeFiles/CMakeTmp'
Building C object CMakeFiles/cmTC_6ea7d.dir/CheckSymbolExists.c.o
/usr/bin/cc     -o CMakeFiles/cmTC_6ea7d.dir/CheckSymbolExists.c.o   -c /home/matrice/dji_ws/build/CMakeFiles/CMakeTmp/CheckSymbolExists.c
Linking C executable cmTC_6ea7d
/usr/bin/cmake -E cmake_link_script CMakeFiles/cmTC_6ea7d.dir/link.txt --verbose=1
/usr/bin/cc       CMakeFiles/cmTC_6ea7d.dir/CheckSymbolExists.c.o  -o cmTC_6ea7d -rdynamic 
CMakeFiles/cmTC_6ea7d.dir/CheckSymbolExists.c.o: In function `main':
CheckSymbolExists.c:(.text+0x16): undefined reference to `pthread_create'
collect2: error: ld returned 1 exit status
CMakeFiles/cmTC_6ea7d.dir/build.make:97: recipe for target 'cmTC_6ea7d' failed
make[1]: *** [cmTC_6ea7d] Error 1
make[1]: Leaving directory '/home/matrice/dji_ws/build/CMakeFiles/CMakeTmp'
Makefile:126: recipe for target 'cmTC_6ea7d/fast' failed
make: *** [cmTC_6ea7d/fast] Error 2

File /home/matrice/dji_ws/build/CMakeFiles/CMakeTmp/CheckSymbolExists.c:
/* */
#include <pthread.h>

int main(int argc, char** argv)
{
  (void)argv;
#ifndef pthread_create
  return ((int*)(&pthread_create))[argc];
#else
  (void)argc;
  return 0;
#endif
}

Determining if the function pthread_create exists in the pthreads failed with the following output:
Change Dir: /home/matrice/dji_ws/build/CMakeFiles/CMakeTmp

Run Build Command:"/usr/bin/make" "cmTC_dce53/fast"
/usr/bin/make -f CMakeFiles/cmTC_dce53.dir/build.make CMakeFiles/cmTC_dce53.dir/build
make[1]: Entering directory '/home/matrice/dji_ws/build/CMakeFiles/CMakeTmp'
Building C object CMakeFiles/cmTC_dce53.dir/CheckFunctionExists.c.o
/usr/bin/cc    -DCHECK_FUNCTION_EXISTS=pthread_create   -o CMakeFiles/cmTC_dce53.dir/CheckFunctionExists.c.o   -c /usr/share/cmake-3.5/Modules/CheckFunctionExists.c
Linking C executable cmTC_dce53
/usr/bin/cmake -E cmake_link_script CMakeFiles/cmTC_dce53.dir/link.txt --verbose=1
/usr/bin/cc   -DCHECK_FUNCTION_EXISTS=pthread_create    CMakeFiles/cmTC_dce53.dir/CheckFunctionExists.c.o  -o cmTC_dce53 -rdynamic -lpthreads 
/usr/bin/ld: cannot find -lpthreads
collect2: error: ld returned 1 exit status
CMakeFiles/cmTC_dce53.dir/build.make:97: recipe for target 'cmTC_dce53' failed
make[1]: *** [cmTC_dce53] Error 1
make[1]: Leaving directory '/home/matrice/dji_ws/build/CMakeFiles/CMakeTmp'
Makefile:126: recipe for target 'cmTC_dce53/fast' failed
make: *** [cmTC_dce53/fast] Error 2


